<?xml version="1.0" encoding="UTF-8"?>
<robot generator="Robot 4.0 (Python 3.9.2 on win32)" generated="20210501 18:09:12.331" rpa="false" schemaversion="2">
<suite id="s1" name="Data Driven From Excel" source="C:\Users\euagsup\PycharmProjects\Learnings\RobotFW\TestCases_Demo\data_driven_from_excel.robot">
<test id="s1-t1" name="TC_001_Login By Excel Data">
<kw name="Open Browser and Maximize" library="User_Keywords" type="SETUP">
<arg>${url}</arg>
<arg>${browser}</arg>
<kw name="Open Browser" library="SeleniumLibrary">
<arg>${url}</arg>
<arg>${browser}</arg>
<doc>Opens a new browser instance to the optional ``url``.</doc>
<msg timestamp="20210501 18:09:13.878" level="INFO">Opening browser 'chrome' to base url 'https://opensource-demo.orangehrmlive.com/'.</msg>
<status status="PASS" starttime="20210501 18:09:13.877" endtime="20210501 18:09:26.715"/>
</kw>
<kw name="Maximize Browser Window" library="SeleniumLibrary">
<doc>Maximizes current browser window.</doc>
<status status="PASS" starttime="20210501 18:09:26.715" endtime="20210501 18:09:26.879"/>
</kw>
<status status="PASS" starttime="20210501 18:09:13.876" endtime="20210501 18:09:26.879"/>
</kw>
<kw name="Count Rows in Excel Test Data" library="User_Keywords">
<var>${row_no}</var>
<arg>LoginData</arg>
<kw name="Count Rows In Excel" library="ReadData_excel">
<var>${rows}</var>
<arg>${sheetname}</arg>
<msg timestamp="20210501 18:09:26.883" level="INFO">${rows} = 10</msg>
<status status="PASS" starttime="20210501 18:09:26.882" endtime="20210501 18:09:26.883"/>
</kw>
<msg timestamp="20210501 18:09:26.884" level="INFO">${row_no} = 10</msg>
<status status="PASS" starttime="20210501 18:09:26.881" endtime="20210501 18:09:26.884"/>
</kw>
<for flavor="IN RANGE">
<var>${i}</var>
<value>2</value>
<value>${row_no}+1</value>
<iter>
<var name="${i}">2</var>
<kw name="Fetch Data From TestData Excel Sheet" library="User_Keywords">
<var>${username}</var>
<arg>LoginData</arg>
<arg>${i}</arg>
<arg>1</arg>
<kw name="Fetch Data From Excel" library="ReadData_excel">
<var>${test_data}</var>
<arg>${sheetname}</arg>
<arg>${rows}</arg>
<arg>${cell}</arg>
<msg timestamp="20210501 18:09:26.890" level="INFO">${test_data} = Nancy</msg>
<status status="PASS" starttime="20210501 18:09:26.889" endtime="20210501 18:09:26.891"/>
</kw>
<msg timestamp="20210501 18:09:26.891" level="INFO">${username} = Nancy</msg>
<status status="PASS" starttime="20210501 18:09:26.887" endtime="20210501 18:09:26.891"/>
</kw>
<kw name="Fetch Data From TestData Excel Sheet" library="User_Keywords">
<var>${password}</var>
<arg>LoginData</arg>
<arg>${i}</arg>
<arg>2</arg>
<kw name="Fetch Data From Excel" library="ReadData_excel">
<var>${test_data}</var>
<arg>${sheetname}</arg>
<arg>${rows}</arg>
<arg>${cell}</arg>
<msg timestamp="20210501 18:09:26.893" level="INFO">${test_data} = R*6TNnXY(7</msg>
<status status="PASS" starttime="20210501 18:09:26.892" endtime="20210501 18:09:26.894"/>
</kw>
<msg timestamp="20210501 18:09:26.894" level="INFO">${password} = R*6TNnXY(7</msg>
<status status="PASS" starttime="20210501 18:09:26.891" endtime="20210501 18:09:26.895"/>
</kw>
<kw name="Input Text" library="SeleniumLibrary">
<arg>//input[@id='txtUsername']</arg>
<arg>${username}</arg>
<doc>Types the given ``text`` into the text field identified by ``locator``.</doc>
<msg timestamp="20210501 18:09:26.897" level="INFO">Typing text 'Nancy' into text field '//input[@id='txtUsername']'.</msg>
<status status="PASS" starttime="20210501 18:09:26.895" endtime="20210501 18:09:27.165"/>
</kw>
<kw name="Input Text" library="SeleniumLibrary">
<arg>//input[@id='txtPassword']</arg>
<arg>${password}</arg>
<doc>Types the given ``text`` into the text field identified by ``locator``.</doc>
<msg timestamp="20210501 18:09:27.166" level="INFO">Typing text 'R*6TNnXY(7' into text field '//input[@id='txtPassword']'.</msg>
<status status="PASS" starttime="20210501 18:09:27.165" endtime="20210501 18:09:27.432"/>
</kw>
<kw name="Click Button" library="SeleniumLibrary">
<arg>//input[@id='btnLogin']</arg>
<doc>Clicks the button identified by ``locator``.</doc>
<msg timestamp="20210501 18:09:27.432" level="INFO">Clicking button '//input[@id='btnLogin']'.</msg>
<status status="PASS" starttime="20210501 18:09:27.432" endtime="20210501 18:09:29.312"/>
</kw>
<kw name="Sleep" library="BuiltIn">
<arg>2</arg>
<doc>Pauses the test executed for the given time.</doc>
<msg timestamp="20210501 18:09:31.314" level="INFO">Slept 2 seconds</msg>
<status status="PASS" starttime="20210501 18:09:29.313" endtime="20210501 18:09:31.315"/>
</kw>
<status status="PASS" starttime="20210501 18:09:26.887" endtime="20210501 18:09:31.315"/>
</iter>
<iter>
<var name="${i}">3</var>
<kw name="Fetch Data From TestData Excel Sheet" library="User_Keywords">
<var>${username}</var>
<arg>LoginData</arg>
<arg>${i}</arg>
<arg>1</arg>
<kw name="Fetch Data From Excel" library="ReadData_excel">
<var>${test_data}</var>
<arg>${sheetname}</arg>
<arg>${rows}</arg>
<arg>${cell}</arg>
<msg timestamp="20210501 18:09:31.320" level="INFO">${test_data} = Jessica</msg>
<status status="PASS" starttime="20210501 18:09:31.319" endtime="20210501 18:09:31.320"/>
</kw>
<msg timestamp="20210501 18:09:31.322" level="INFO">${username} = Jessica</msg>
<status status="PASS" starttime="20210501 18:09:31.317" endtime="20210501 18:09:31.322"/>
</kw>
<kw name="Fetch Data From TestData Excel Sheet" library="User_Keywords">
<var>${password}</var>
<arg>LoginData</arg>
<arg>${i}</arg>
<arg>2</arg>
<kw name="Fetch Data From Excel" library="ReadData_excel">
<var>${test_data}</var>
<arg>${sheetname}</arg>
<arg>${rows}</arg>
<arg>${cell}</arg>
<msg timestamp="20210501 18:09:31.325" level="INFO">${test_data} = hk9)2DCc5s</msg>
<status status="PASS" starttime="20210501 18:09:31.324" endtime="20210501 18:09:31.325"/>
</kw>
<msg timestamp="20210501 18:09:31.326" level="INFO">${password} = hk9)2DCc5s</msg>
<status status="PASS" starttime="20210501 18:09:31.322" endtime="20210501 18:09:31.326"/>
</kw>
<kw name="Input Text" library="SeleniumLibrary">
<arg>//input[@id='txtUsername']</arg>
<arg>${username}</arg>
<doc>Types the given ``text`` into the text field identified by ``locator``.</doc>
<msg timestamp="20210501 18:09:31.328" level="INFO">Typing text 'Jessica' into text field '//input[@id='txtUsername']'.</msg>
<status status="PASS" starttime="20210501 18:09:31.327" endtime="20210501 18:09:31.494"/>
</kw>
<kw name="Input Text" library="SeleniumLibrary">
<arg>//input[@id='txtPassword']</arg>
<arg>${password}</arg>
<doc>Types the given ``text`` into the text field identified by ``locator``.</doc>
<msg timestamp="20210501 18:09:31.494" level="INFO">Typing text 'hk9)2DCc5s' into text field '//input[@id='txtPassword']'.</msg>
<status status="PASS" starttime="20210501 18:09:31.494" endtime="20210501 18:09:31.654"/>
</kw>
<kw name="Click Button" library="SeleniumLibrary">
<arg>//input[@id='btnLogin']</arg>
<doc>Clicks the button identified by ``locator``.</doc>
<msg timestamp="20210501 18:09:31.655" level="INFO">Clicking button '//input[@id='btnLogin']'.</msg>
<status status="PASS" starttime="20210501 18:09:31.655" endtime="20210501 18:09:32.807"/>
</kw>
<kw name="Sleep" library="BuiltIn">
<arg>2</arg>
<doc>Pauses the test executed for the given time.</doc>
<msg timestamp="20210501 18:09:34.810" level="INFO">Slept 2 seconds</msg>
<status status="PASS" starttime="20210501 18:09:32.807" endtime="20210501 18:09:34.810"/>
</kw>
<status status="PASS" starttime="20210501 18:09:31.316" endtime="20210501 18:09:34.810"/>
</iter>
<iter>
<var name="${i}">4</var>
<kw name="Fetch Data From TestData Excel Sheet" library="User_Keywords">
<var>${username}</var>
<arg>LoginData</arg>
<arg>${i}</arg>
<arg>1</arg>
<kw name="Fetch Data From Excel" library="ReadData_excel">
<var>${test_data}</var>
<arg>${sheetname}</arg>
<arg>${rows}</arg>
<arg>${cell}</arg>
<msg timestamp="20210501 18:09:34.812" level="INFO">${test_data} = Courtney</msg>
<status status="PASS" starttime="20210501 18:09:34.812" endtime="20210501 18:09:34.813"/>
</kw>
<msg timestamp="20210501 18:09:34.813" level="INFO">${username} = Courtney</msg>
<status status="PASS" starttime="20210501 18:09:34.811" endtime="20210501 18:09:34.813"/>
</kw>
<kw name="Fetch Data From TestData Excel Sheet" library="User_Keywords">
<var>${password}</var>
<arg>LoginData</arg>
<arg>${i}</arg>
<arg>2</arg>
<kw name="Fetch Data From Excel" library="ReadData_excel">
<var>${test_data}</var>
<arg>${sheetname}</arg>
<arg>${rows}</arg>
<arg>${cell}</arg>
<msg timestamp="20210501 18:09:34.815" level="INFO">${test_data} = Xl(&amp;2^Wcw+</msg>
<status status="PASS" starttime="20210501 18:09:34.815" endtime="20210501 18:09:34.815"/>
</kw>
<msg timestamp="20210501 18:09:34.816" level="INFO">${password} = Xl(&amp;2^Wcw+</msg>
<status status="PASS" starttime="20210501 18:09:34.814" endtime="20210501 18:09:34.816"/>
</kw>
<kw name="Input Text" library="SeleniumLibrary">
<arg>//input[@id='txtUsername']</arg>
<arg>${username}</arg>
<doc>Types the given ``text`` into the text field identified by ``locator``.</doc>
<msg timestamp="20210501 18:09:34.817" level="INFO">Typing text 'Courtney' into text field '//input[@id='txtUsername']'.</msg>
<status status="PASS" starttime="20210501 18:09:34.816" endtime="20210501 18:09:34.957"/>
</kw>
<kw name="Input Text" library="SeleniumLibrary">
<arg>//input[@id='txtPassword']</arg>
<arg>${password}</arg>
<doc>Types the given ``text`` into the text field identified by ``locator``.</doc>
<msg timestamp="20210501 18:09:34.958" level="INFO">Typing text 'Xl(&amp;2^Wcw+' into text field '//input[@id='txtPassword']'.</msg>
<status status="PASS" starttime="20210501 18:09:34.958" endtime="20210501 18:09:35.124"/>
</kw>
<kw name="Click Button" library="SeleniumLibrary">
<arg>//input[@id='btnLogin']</arg>
<doc>Clicks the button identified by ``locator``.</doc>
<msg timestamp="20210501 18:09:35.125" level="INFO">Clicking button '//input[@id='btnLogin']'.</msg>
<status status="PASS" starttime="20210501 18:09:35.125" endtime="20210501 18:09:36.651"/>
</kw>
<kw name="Sleep" library="BuiltIn">
<arg>2</arg>
<doc>Pauses the test executed for the given time.</doc>
<msg timestamp="20210501 18:09:38.655" level="INFO">Slept 2 seconds</msg>
<status status="PASS" starttime="20210501 18:09:36.652" endtime="20210501 18:09:38.655"/>
</kw>
<status status="PASS" starttime="20210501 18:09:34.810" endtime="20210501 18:09:38.655"/>
</iter>
<iter>
<var name="${i}">5</var>
<kw name="Fetch Data From TestData Excel Sheet" library="User_Keywords">
<var>${username}</var>
<arg>LoginData</arg>
<arg>${i}</arg>
<arg>1</arg>
<kw name="Fetch Data From Excel" library="ReadData_excel">
<var>${test_data}</var>
<arg>${sheetname}</arg>
<arg>${rows}</arg>
<arg>${cell}</arg>
<msg timestamp="20210501 18:09:38.658" level="INFO">${test_data} = William</msg>
<status status="PASS" starttime="20210501 18:09:38.657" endtime="20210501 18:09:38.658"/>
</kw>
<msg timestamp="20210501 18:09:38.659" level="INFO">${username} = William</msg>
<status status="PASS" starttime="20210501 18:09:38.656" endtime="20210501 18:09:38.659"/>
</kw>
<kw name="Fetch Data From TestData Excel Sheet" library="User_Keywords">
<var>${password}</var>
<arg>LoginData</arg>
<arg>${i}</arg>
<arg>2</arg>
<kw name="Fetch Data From Excel" library="ReadData_excel">
<var>${test_data}</var>
<arg>${sheetname}</arg>
<arg>${rows}</arg>
<arg>${cell}</arg>
<msg timestamp="20210501 18:09:38.661" level="INFO">${test_data} = rc0FGhwU_2</msg>
<status status="PASS" starttime="20210501 18:09:38.660" endtime="20210501 18:09:38.661"/>
</kw>
<msg timestamp="20210501 18:09:38.661" level="INFO">${password} = rc0FGhwU_2</msg>
<status status="PASS" starttime="20210501 18:09:38.659" endtime="20210501 18:09:38.661"/>
</kw>
<kw name="Input Text" library="SeleniumLibrary">
<arg>//input[@id='txtUsername']</arg>
<arg>${username}</arg>
<doc>Types the given ``text`` into the text field identified by ``locator``.</doc>
<msg timestamp="20210501 18:09:38.662" level="INFO">Typing text 'William' into text field '//input[@id='txtUsername']'.</msg>
<status status="PASS" starttime="20210501 18:09:38.662" endtime="20210501 18:09:38.844"/>
</kw>
<kw name="Input Text" library="SeleniumLibrary">
<arg>//input[@id='txtPassword']</arg>
<arg>${password}</arg>
<doc>Types the given ``text`` into the text field identified by ``locator``.</doc>
<msg timestamp="20210501 18:09:38.845" level="INFO">Typing text 'rc0FGhwU_2' into text field '//input[@id='txtPassword']'.</msg>
<status status="PASS" starttime="20210501 18:09:38.844" endtime="20210501 18:09:38.990"/>
</kw>
<kw name="Click Button" library="SeleniumLibrary">
<arg>//input[@id='btnLogin']</arg>
<doc>Clicks the button identified by ``locator``.</doc>
<msg timestamp="20210501 18:09:38.992" level="INFO">Clicking button '//input[@id='btnLogin']'.</msg>
<status status="PASS" starttime="20210501 18:09:38.991" endtime="20210501 18:09:40.148"/>
</kw>
<kw name="Sleep" library="BuiltIn">
<arg>2</arg>
<doc>Pauses the test executed for the given time.</doc>
<msg timestamp="20210501 18:09:42.151" level="INFO">Slept 2 seconds</msg>
<status status="PASS" starttime="20210501 18:09:40.148" endtime="20210501 18:09:42.152"/>
</kw>
<status status="PASS" starttime="20210501 18:09:38.656" endtime="20210501 18:09:42.152"/>
</iter>
<iter>
<var name="${i}">6</var>
<kw name="Fetch Data From TestData Excel Sheet" library="User_Keywords">
<var>${username}</var>
<arg>LoginData</arg>
<arg>${i}</arg>
<arg>1</arg>
<kw name="Fetch Data From Excel" library="ReadData_excel">
<var>${test_data}</var>
<arg>${sheetname}</arg>
<arg>${rows}</arg>
<arg>${cell}</arg>
<msg timestamp="20210501 18:09:42.158" level="INFO">${test_data} = Samantha</msg>
<status status="PASS" starttime="20210501 18:09:42.157" endtime="20210501 18:09:42.158"/>
</kw>
<msg timestamp="20210501 18:09:42.159" level="INFO">${username} = Samantha</msg>
<status status="PASS" starttime="20210501 18:09:42.153" endtime="20210501 18:09:42.159"/>
</kw>
<kw name="Fetch Data From TestData Excel Sheet" library="User_Keywords">
<var>${password}</var>
<arg>LoginData</arg>
<arg>${i}</arg>
<arg>2</arg>
<kw name="Fetch Data From Excel" library="ReadData_excel">
<var>${test_data}</var>
<arg>${sheetname}</arg>
<arg>${rows}</arg>
<arg>${cell}</arg>
<msg timestamp="20210501 18:09:42.163" level="INFO">${test_data} = !30&amp;DPr3q5</msg>
<status status="PASS" starttime="20210501 18:09:42.161" endtime="20210501 18:09:42.163"/>
</kw>
<msg timestamp="20210501 18:09:42.164" level="INFO">${password} = !30&amp;DPr3q5</msg>
<status status="PASS" starttime="20210501 18:09:42.160" endtime="20210501 18:09:42.164"/>
</kw>
<kw name="Input Text" library="SeleniumLibrary">
<arg>//input[@id='txtUsername']</arg>
<arg>${username}</arg>
<doc>Types the given ``text`` into the text field identified by ``locator``.</doc>
<msg timestamp="20210501 18:09:42.165" level="INFO">Typing text 'Samantha' into text field '//input[@id='txtUsername']'.</msg>
<status status="PASS" starttime="20210501 18:09:42.164" endtime="20210501 18:09:42.340"/>
</kw>
<kw name="Input Text" library="SeleniumLibrary">
<arg>//input[@id='txtPassword']</arg>
<arg>${password}</arg>
<doc>Types the given ``text`` into the text field identified by ``locator``.</doc>
<msg timestamp="20210501 18:09:42.344" level="INFO">Typing text '!30&amp;DPr3q5' into text field '//input[@id='txtPassword']'.</msg>
<status status="PASS" starttime="20210501 18:09:42.341" endtime="20210501 18:09:42.489"/>
</kw>
<kw name="Click Button" library="SeleniumLibrary">
<arg>//input[@id='btnLogin']</arg>
<doc>Clicks the button identified by ``locator``.</doc>
<msg timestamp="20210501 18:09:42.490" level="INFO">Clicking button '//input[@id='btnLogin']'.</msg>
<status status="PASS" starttime="20210501 18:09:42.489" endtime="20210501 18:09:43.447"/>
</kw>
<kw name="Sleep" library="BuiltIn">
<arg>2</arg>
<doc>Pauses the test executed for the given time.</doc>
<msg timestamp="20210501 18:09:45.448" level="INFO">Slept 2 seconds</msg>
<status status="PASS" starttime="20210501 18:09:43.447" endtime="20210501 18:09:45.448"/>
</kw>
<status status="PASS" starttime="20210501 18:09:42.153" endtime="20210501 18:09:45.449"/>
</iter>
<iter>
<var name="${i}">7</var>
<kw name="Fetch Data From TestData Excel Sheet" library="User_Keywords">
<var>${username}</var>
<arg>LoginData</arg>
<arg>${i}</arg>
<arg>1</arg>
<kw name="Fetch Data From Excel" library="ReadData_excel">
<var>${test_data}</var>
<arg>${sheetname}</arg>
<arg>${rows}</arg>
<arg>${cell}</arg>
<msg timestamp="20210501 18:09:45.452" level="INFO">${test_data} = Olivia</msg>
<status status="PASS" starttime="20210501 18:09:45.452" endtime="20210501 18:09:45.452"/>
</kw>
<msg timestamp="20210501 18:09:45.453" level="INFO">${username} = Olivia</msg>
<status status="PASS" starttime="20210501 18:09:45.449" endtime="20210501 18:09:45.453"/>
</kw>
<kw name="Fetch Data From TestData Excel Sheet" library="User_Keywords">
<var>${password}</var>
<arg>LoginData</arg>
<arg>${i}</arg>
<arg>2</arg>
<kw name="Fetch Data From Excel" library="ReadData_excel">
<var>${test_data}</var>
<arg>${sheetname}</arg>
<arg>${rows}</arg>
<arg>${cell}</arg>
<msg timestamp="20210501 18:09:45.456" level="INFO">${test_data} = aVeYVxY4*3</msg>
<status status="PASS" starttime="20210501 18:09:45.454" endtime="20210501 18:09:45.456"/>
</kw>
<msg timestamp="20210501 18:09:45.457" level="INFO">${password} = aVeYVxY4*3</msg>
<status status="PASS" starttime="20210501 18:09:45.453" endtime="20210501 18:09:45.457"/>
</kw>
<kw name="Input Text" library="SeleniumLibrary">
<arg>//input[@id='txtUsername']</arg>
<arg>${username}</arg>
<doc>Types the given ``text`` into the text field identified by ``locator``.</doc>
<msg timestamp="20210501 18:09:45.458" level="INFO">Typing text 'Olivia' into text field '//input[@id='txtUsername']'.</msg>
<status status="PASS" starttime="20210501 18:09:45.457" endtime="20210501 18:09:45.593"/>
</kw>
<kw name="Input Text" library="SeleniumLibrary">
<arg>//input[@id='txtPassword']</arg>
<arg>${password}</arg>
<doc>Types the given ``text`` into the text field identified by ``locator``.</doc>
<msg timestamp="20210501 18:09:45.594" level="INFO">Typing text 'aVeYVxY4*3' into text field '//input[@id='txtPassword']'.</msg>
<status status="PASS" starttime="20210501 18:09:45.594" endtime="20210501 18:09:45.755"/>
</kw>
<kw name="Click Button" library="SeleniumLibrary">
<arg>//input[@id='btnLogin']</arg>
<doc>Clicks the button identified by ``locator``.</doc>
<msg timestamp="20210501 18:09:45.756" level="INFO">Clicking button '//input[@id='btnLogin']'.</msg>
<status status="PASS" starttime="20210501 18:09:45.756" endtime="20210501 18:09:47.286"/>
</kw>
<kw name="Sleep" library="BuiltIn">
<arg>2</arg>
<doc>Pauses the test executed for the given time.</doc>
<msg timestamp="20210501 18:09:49.288" level="INFO">Slept 2 seconds</msg>
<status status="PASS" starttime="20210501 18:09:47.286" endtime="20210501 18:09:49.288"/>
</kw>
<status status="PASS" starttime="20210501 18:09:45.449" endtime="20210501 18:09:49.288"/>
</iter>
<iter>
<var name="${i}">8</var>
<kw name="Fetch Data From TestData Excel Sheet" library="User_Keywords">
<var>${username}</var>
<arg>LoginData</arg>
<arg>${i}</arg>
<arg>1</arg>
<kw name="Fetch Data From Excel" library="ReadData_excel">
<var>${test_data}</var>
<arg>${sheetname}</arg>
<arg>${rows}</arg>
<arg>${cell}</arg>
<msg timestamp="20210501 18:09:49.290" level="INFO">${test_data} = Ronald</msg>
<status status="PASS" starttime="20210501 18:09:49.289" endtime="20210501 18:09:49.291"/>
</kw>
<msg timestamp="20210501 18:09:49.291" level="INFO">${username} = Ronald</msg>
<status status="PASS" starttime="20210501 18:09:49.288" endtime="20210501 18:09:49.291"/>
</kw>
<kw name="Fetch Data From TestData Excel Sheet" library="User_Keywords">
<var>${password}</var>
<arg>LoginData</arg>
<arg>${i}</arg>
<arg>2</arg>
<kw name="Fetch Data From Excel" library="ReadData_excel">
<var>${test_data}</var>
<arg>${sheetname}</arg>
<arg>${rows}</arg>
<arg>${cell}</arg>
<msg timestamp="20210501 18:09:49.294" level="INFO">${test_data} = !!4N!KZh98</msg>
<status status="PASS" starttime="20210501 18:09:49.293" endtime="20210501 18:09:49.294"/>
</kw>
<msg timestamp="20210501 18:09:49.295" level="INFO">${password} = !!4N!KZh98</msg>
<status status="PASS" starttime="20210501 18:09:49.291" endtime="20210501 18:09:49.295"/>
</kw>
<kw name="Input Text" library="SeleniumLibrary">
<arg>//input[@id='txtUsername']</arg>
<arg>${username}</arg>
<doc>Types the given ``text`` into the text field identified by ``locator``.</doc>
<msg timestamp="20210501 18:09:49.296" level="INFO">Typing text 'Ronald' into text field '//input[@id='txtUsername']'.</msg>
<status status="PASS" starttime="20210501 18:09:49.296" endtime="20210501 18:09:49.436"/>
</kw>
<kw name="Input Text" library="SeleniumLibrary">
<arg>//input[@id='txtPassword']</arg>
<arg>${password}</arg>
<doc>Types the given ``text`` into the text field identified by ``locator``.</doc>
<msg timestamp="20210501 18:09:49.437" level="INFO">Typing text '!!4N!KZh98' into text field '//input[@id='txtPassword']'.</msg>
<status status="PASS" starttime="20210501 18:09:49.437" endtime="20210501 18:09:49.577"/>
</kw>
<kw name="Click Button" library="SeleniumLibrary">
<arg>//input[@id='btnLogin']</arg>
<doc>Clicks the button identified by ``locator``.</doc>
<msg timestamp="20210501 18:09:49.578" level="INFO">Clicking button '//input[@id='btnLogin']'.</msg>
<status status="PASS" starttime="20210501 18:09:49.577" endtime="20210501 18:09:50.434"/>
</kw>
<kw name="Sleep" library="BuiltIn">
<arg>2</arg>
<doc>Pauses the test executed for the given time.</doc>
<msg timestamp="20210501 18:09:52.437" level="INFO">Slept 2 seconds</msg>
<status status="PASS" starttime="20210501 18:09:50.435" endtime="20210501 18:09:52.438"/>
</kw>
<status status="PASS" starttime="20210501 18:09:49.288" endtime="20210501 18:09:52.438"/>
</iter>
<iter>
<var name="${i}">9</var>
<kw name="Fetch Data From TestData Excel Sheet" library="User_Keywords">
<var>${username}</var>
<arg>LoginData</arg>
<arg>${i}</arg>
<arg>1</arg>
<kw name="Fetch Data From Excel" library="ReadData_excel">
<var>${test_data}</var>
<arg>${sheetname}</arg>
<arg>${rows}</arg>
<arg>${cell}</arg>
<msg timestamp="20210501 18:09:52.442" level="INFO">${test_data} = Jose</msg>
<status status="PASS" starttime="20210501 18:09:52.441" endtime="20210501 18:09:52.443"/>
</kw>
<msg timestamp="20210501 18:09:52.443" level="INFO">${username} = Jose</msg>
<status status="PASS" starttime="20210501 18:09:52.439" endtime="20210501 18:09:52.444"/>
</kw>
<kw name="Fetch Data From TestData Excel Sheet" library="User_Keywords">
<var>${password}</var>
<arg>LoginData</arg>
<arg>${i}</arg>
<arg>2</arg>
<kw name="Fetch Data From Excel" library="ReadData_excel">
<var>${test_data}</var>
<arg>${sheetname}</arg>
<arg>${rows}</arg>
<arg>${cell}</arg>
<msg timestamp="20210501 18:09:52.448" level="INFO">${test_data} = 8*46ifTej(</msg>
<status status="PASS" starttime="20210501 18:09:52.446" endtime="20210501 18:09:52.448"/>
</kw>
<msg timestamp="20210501 18:09:52.449" level="INFO">${password} = 8*46ifTej(</msg>
<status status="PASS" starttime="20210501 18:09:52.444" endtime="20210501 18:09:52.449"/>
</kw>
<kw name="Input Text" library="SeleniumLibrary">
<arg>//input[@id='txtUsername']</arg>
<arg>${username}</arg>
<doc>Types the given ``text`` into the text field identified by ``locator``.</doc>
<msg timestamp="20210501 18:09:52.450" level="INFO">Typing text 'Jose' into text field '//input[@id='txtUsername']'.</msg>
<status status="PASS" starttime="20210501 18:09:52.449" endtime="20210501 18:09:52.615"/>
</kw>
<kw name="Input Text" library="SeleniumLibrary">
<arg>//input[@id='txtPassword']</arg>
<arg>${password}</arg>
<doc>Types the given ``text`` into the text field identified by ``locator``.</doc>
<msg timestamp="20210501 18:09:52.616" level="INFO">Typing text '8*46ifTej(' into text field '//input[@id='txtPassword']'.</msg>
<status status="PASS" starttime="20210501 18:09:52.615" endtime="20210501 18:09:52.766"/>
</kw>
<kw name="Click Button" library="SeleniumLibrary">
<arg>//input[@id='btnLogin']</arg>
<doc>Clicks the button identified by ``locator``.</doc>
<msg timestamp="20210501 18:09:52.768" level="INFO">Clicking button '//input[@id='btnLogin']'.</msg>
<status status="PASS" starttime="20210501 18:09:52.766" endtime="20210501 18:09:53.837"/>
</kw>
<kw name="Sleep" library="BuiltIn">
<arg>2</arg>
<doc>Pauses the test executed for the given time.</doc>
<msg timestamp="20210501 18:09:55.839" level="INFO">Slept 2 seconds</msg>
<status status="PASS" starttime="20210501 18:09:53.837" endtime="20210501 18:09:55.839"/>
</kw>
<status status="PASS" starttime="20210501 18:09:52.439" endtime="20210501 18:09:55.839"/>
</iter>
<iter>
<var name="${i}">10</var>
<kw name="Fetch Data From TestData Excel Sheet" library="User_Keywords">
<var>${username}</var>
<arg>LoginData</arg>
<arg>${i}</arg>
<arg>1</arg>
<kw name="Fetch Data From Excel" library="ReadData_excel">
<var>${test_data}</var>
<arg>${sheetname}</arg>
<arg>${rows}</arg>
<arg>${cell}</arg>
<msg timestamp="20210501 18:09:55.842" level="INFO">${test_data} = Brian</msg>
<status status="PASS" starttime="20210501 18:09:55.842" endtime="20210501 18:09:55.843"/>
</kw>
<msg timestamp="20210501 18:09:55.843" level="INFO">${username} = Brian</msg>
<status status="PASS" starttime="20210501 18:09:55.840" endtime="20210501 18:09:55.843"/>
</kw>
<kw name="Fetch Data From TestData Excel Sheet" library="User_Keywords">
<var>${password}</var>
<arg>LoginData</arg>
<arg>${i}</arg>
<arg>2</arg>
<kw name="Fetch Data From Excel" library="ReadData_excel">
<var>${test_data}</var>
<arg>${sheetname}</arg>
<arg>${rows}</arg>
<arg>${cell}</arg>
<msg timestamp="20210501 18:09:55.845" level="INFO">${test_data} = Y352JVhb)+</msg>
<status status="PASS" starttime="20210501 18:09:55.844" endtime="20210501 18:09:55.845"/>
</kw>
<msg timestamp="20210501 18:09:55.846" level="INFO">${password} = Y352JVhb)+</msg>
<status status="PASS" starttime="20210501 18:09:55.843" endtime="20210501 18:09:55.846"/>
</kw>
<kw name="Input Text" library="SeleniumLibrary">
<arg>//input[@id='txtUsername']</arg>
<arg>${username}</arg>
<doc>Types the given ``text`` into the text field identified by ``locator``.</doc>
<msg timestamp="20210501 18:09:55.847" level="INFO">Typing text 'Brian' into text field '//input[@id='txtUsername']'.</msg>
<status status="PASS" starttime="20210501 18:09:55.846" endtime="20210501 18:09:56.004"/>
</kw>
<kw name="Input Text" library="SeleniumLibrary">
<arg>//input[@id='txtPassword']</arg>
<arg>${password}</arg>
<doc>Types the given ``text`` into the text field identified by ``locator``.</doc>
<msg timestamp="20210501 18:09:56.004" level="INFO">Typing text 'Y352JVhb)+' into text field '//input[@id='txtPassword']'.</msg>
<status status="PASS" starttime="20210501 18:09:56.004" endtime="20210501 18:09:56.155"/>
</kw>
<kw name="Click Button" library="SeleniumLibrary">
<arg>//input[@id='btnLogin']</arg>
<doc>Clicks the button identified by ``locator``.</doc>
<msg timestamp="20210501 18:09:56.156" level="INFO">Clicking button '//input[@id='btnLogin']'.</msg>
<status status="PASS" starttime="20210501 18:09:56.155" endtime="20210501 18:09:57.339"/>
</kw>
<kw name="Sleep" library="BuiltIn">
<arg>2</arg>
<doc>Pauses the test executed for the given time.</doc>
<msg timestamp="20210501 18:09:59.341" level="INFO">Slept 2 seconds</msg>
<status status="PASS" starttime="20210501 18:09:57.339" endtime="20210501 18:09:59.341"/>
</kw>
<status status="PASS" starttime="20210501 18:09:55.839" endtime="20210501 18:09:59.341"/>
</iter>
<status status="PASS" starttime="20210501 18:09:26.885" endtime="20210501 18:09:59.341"/>
</for>
<kw name="Close Browser" library="User_Keywords" type="TEARDOWN">
<kw name="Close All Browsers" library="SeleniumLibrary">
<doc>Closes all open browsers and resets the browser cache.</doc>
<status status="PASS" starttime="20210501 18:09:59.343" endtime="20210501 18:10:02.123"/>
</kw>
<status status="PASS" starttime="20210501 18:09:59.342" endtime="20210501 18:10:02.124"/>
</kw>
<status status="PASS" starttime="20210501 18:09:13.874" endtime="20210501 18:10:02.125"/>
</test>
<status status="PASS" starttime="20210501 18:09:12.337" endtime="20210501 18:10:02.133"/>
</suite>
<statistics>
<total>
<stat pass="1" fail="0" skip="0">All Tests</stat>
</total>
<tag>
</tag>
<suite>
<stat pass="1" fail="0" skip="0" id="s1" name="Data Driven From Excel">Data Driven From Excel</stat>
</suite>
</statistics>
<errors>
</errors>
</robot>
